# JRE version: OpenJDK Runtime Environment (7.0_55-b14) (build 1.7.0_55-b14)
# Java VM: OpenJDK Client VM (24.51-b03 mixed mode linux-x86 )
Heap
 def new generation   total 53376K, used 51078K [0x646c0000, 0x680a0000, 0x746c0000)
  eden space 47488K,  98% used [0x646c0000, 0x674791d8, 0x67520000)
  from space 5888K,  72% used [0x67ae0000, 0x67f08678, 0x680a0000)
  to   space 5888K,   0% used [0x67520000, 0x67520000, 0x67ae0000)
 tenured generation   total 118404K, used 65644K [0x746c0000, 0x7ba61000, 0x946c0000)
   the space 118404K,  55% used [0x746c0000, 0x786db0d8, 0x786db200, 0x7ba61000)
 compacting perm gen  total 50176K, used 49939K [0x946c0000, 0x977c0000, 0xb46c0000)
   the space 50176K,  99% used [0x946c0000, 0x97784de8, 0x97784e00, 0x977c0000)
GC Heap History (10 events):
Event: 66.738 GC heap before
{Heap before GC invocations=45 (full 11):
 def new generation   total 53376K, used 47488K [0x646c0000, 0x680a0000, 0x746c0000)
  eden space 47488K, 100% used [0x646c0000, 0x67520000, 0x67520000)
  from space 5888K,   0% used [0x67520000, 0x67520000, 0x67ae0000)
  to   space 5888K,   0% used [0x67ae0000, 0x67ae0000, 0x680a0000)
 tenured generation   total 118404K, used 71041K [0x746c0000, 0x7ba61000, 0x946c0000)
   the space 118404K,  59% used [0x746c0000, 0x78c204f8, 0x78c20600, 0x7ba61000)
 compacting perm gen  total 52480K, used 52403K [0x946c0000, 0x97a00000, 0xb46c0000)
   the space 52480K,  99% used [0x946c0000, 0x979ecd58, 0x979ece00, 0x97a00000)
No shared spaces configured.
Event: 66.803 GC heap after
Heap after GC invocations=46 (full 11):
 def new generation   total 53376K, used 5888K [0x646c0000, 0x680a0000, 0x746c0000)
  eden space 47488K,   0% used [0x646c0000, 0x646c0000, 0x67520000)
  from space 5888K, 100% used [0x67ae0000, 0x680a0000, 0x680a0000)
  to   space 5888K,   0% used [0x67520000, 0x67520000, 0x67ae0000)
 tenured generation   total 118404K, used 74299K [0x746c0000, 0x7ba61000, 0x946c0000)
   the space 118404K,  62% used [0x746c0000, 0x78f4ece8, 0x78f4ee00, 0x7ba61000)
 compacting perm gen  total 52480K, used 52403K [0x946c0000, 0x97a00000, 0xb46c0000)
   the space 52480K,  99% used [0x946c0000, 0x979ecd58, 0x979ece00, 0x97a00000)
No shared spaces configured.
}
Event: 105.612 GC heap before
{Heap before GC invocations=46 (full 11):
 def new generation   total 53376K, used 37754K [0x646c0000, 0x680a0000, 0x746c0000)
  eden space 47488K,  67% used [0x646c0000, 0x665dead8, 0x67520000)
  from space 5888K, 100% used [0x67ae0000, 0x680a0000, 0x680a0000)
  to   space 5888K,   0% used [0x67520000, 0x67520000, 0x67ae0000)
 tenured generation   total 118404K, used 74299K [0x746c0000, 0x7ba61000, 0x946c0000)
   the space 118404K,  62% used [0x746c0000, 0x78f4ece8, 0x78f4ee00, 0x7ba61000)
 compacting perm gen  total 53248K, used 53065K [0x946c0000, 0x97ac0000, 0xb46c0000)
   the space 53248K,  99% used [0x946c0000, 0x97a927e8, 0x97a92800, 0x97ac0000)
No shared spaces configured.
Event: 106.392 GC heap after
Heap after GC invocations=47 (full 12):
 def new generation   total 53376K, used 0K [0x646c0000, 0x680a0000, 0x746c0000)
  eden space 47488K,   0% used [0x646c0000, 0x646c0000, 0x67520000)
  from space 5888K,   0% used [0x67ae0000, 0x67ae0000, 0x680a0000)
  to   space 5888K,   0% used [0x67520000, 0x67520000, 0x67ae0000)
 tenured generation   total 118404K, used 58633K [0x746c0000, 0x7ba61000, 0x946c0000)
   the space 118404K,  49% used [0x746c0000, 0x780024b8, 0x78002600, 0x7ba61000)
 compacting perm gen  total 48640K, used 48498K [0x946c0000, 0x97640000, 0xb46c0000)
   the space 48640K,  99% used [0x946c0000, 0x9761c898, 0x9761ca00, 0x97640000)
No shared spaces configured.
}
Event: 169.265 GC heap before
{Heap before GC invocations=47 (full 12):
 def new generation   total 53376K, used 7559K [0x646c0000, 0x680a0000, 0x746c0000)
  eden space 47488K,  15% used [0x646c0000, 0x64e21c70, 0x67520000)
  from space 5888K,   0% used [0x67ae0000, 0x67ae0000, 0x680a0000)
  to   space 5888K,   0% used [0x67520000, 0x67520000, 0x67ae0000)
 tenured generation   total 118404K, used 58633K [0x746c0000, 0x7ba61000, 0x946c0000)
   the space 118404K,  49% used [0x746c0000, 0x780024b8, 0x78002600, 0x7ba61000)
 compacting perm gen  total 48640K, used 48535K [0x946c0000, 0x97640000, 0xb46c0000)
   the space 48640K,  99% used [0x946c0000, 0x97625d30, 0x97625e00, 0x97640000)
No shared spaces configured.
Event: 169.861 GC heap after
Heap after GC invocations=48 (full 13):
 def new generation   total 53376K, used 0K [0x646c0000, 0x680a0000, 0x746c0000)
  eden space 47488K,   0% used [0x646c0000, 0x646c0000, 0x67520000)
  from space 5888K,   0% used [0x67ae0000, 0x67ae0000, 0x680a0000)
  to   space 5888K,   0% used [0x67520000, 0x67520000, 0x67ae0000)
 tenured generation   total 118404K, used 58659K [0x746c0000, 0x7ba61000, 0x946c0000)
   the space 118404K,  49% used [0x746c0000, 0x78008f00, 0x78009000, 0x7ba61000)
 compacting perm gen  total 48640K, used 48535K [0x946c0000, 0x97640000, 0xb46c0000)
   the space 48640K,  99% used [0x946c0000, 0x97625d30, 0x97625e00, 0x97640000)
No shared spaces configured.
}
Event: 191.180 GC heap before
{Heap before GC invocations=48 (full 13):
 def new generation   total 53376K, used 47488K [0x646c0000, 0x680a0000, 0x746c0000)
  eden space 47488K, 100% used [0x646c0000, 0x67520000, 0x67520000)
  from space 5888K,   0% used [0x67ae0000, 0x67ae0000, 0x680a0000)
  to   space 5888K,   0% used [0x67520000, 0x67520000, 0x67ae0000)
 tenured generation   total 118404K, used 58659K [0x746c0000, 0x7ba61000, 0x946c0000)
   the space 118404K,  49% used [0x746c0000, 0x78008f00, 0x78009000, 0x7ba61000)
 compacting perm gen  total 48896K, used 48753K [0x946c0000, 0x97680000, 0xb46c0000)
   the space 48896K,  99% used [0x946c0000, 0x9765c600, 0x9765c600, 0x97680000)
No shared spaces configured.
Event: 191.233 GC heap after
Heap after GC invocations=49 (full 13):
 def new generation   total 53376K, used 5888K [0x646c0000, 0x680a0000, 0x746c0000)
  eden space 47488K,   0% used [0x646c0000, 0x646c0000, 0x67520000)
  from space 5888K, 100% used [0x67520000, 0x67ae0000, 0x67ae0000)
  to   space 5888K,   0% used [0x67ae0000, 0x67ae0000, 0x680a0000)
 tenured generation   total 118404K, used 60983K [0x746c0000, 0x7ba61000, 0x946c0000)
   the space 118404K,  51% used [0x746c0000, 0x7824dcd0, 0x7824de00, 0x7ba61000)
 compacting perm gen  total 48896K, used 48753K [0x946c0000, 0x97680000, 0xb46c0000)
   the space 48896K,  99% used [0x946c0000, 0x9765c600, 0x9765c600, 0x97680000)
No shared spaces configured.
}
Event: 194.818 GC heap before
{Heap before GC invocations=49 (full 13):
 def new generation   total 53376K, used 53376K [0x646c0000, 0x680a0000, 0x746c0000)
  eden space 47488K, 100% used [0x646c0000, 0x67520000, 0x67520000)
  from space 5888K, 100% used [0x67520000, 0x67ae0000, 0x67ae0000)
  to   space 5888K,   0% used [0x67ae0000, 0x67ae0000, 0x680a0000)
 tenured generation   total 118404K, used 60983K [0x746c0000, 0x7ba61000, 0x946c0000)
   the space 118404K,  51% used [0x746c0000, 0x7824dcd0, 0x7824de00, 0x7ba61000)
 compacting perm gen  total 48896K, used 48885K [0x946c0000, 0x97680000, 0xb46c0000)
   the space 48896K,  99% used [0x946c0000, 0x9767d500, 0x9767d600, 0x97680000)
No shared spaces configured.
Event: 194.915 GC heap after
Heap after GC invocations=50 (full 13):
 def new generation   total 53376K, used 4257K [0x646c0000, 0x680a0000, 0x746c0000)
  eden space 47488K,   0% used [0x646c0000, 0x646c0000, 0x67520000)
  from space 5888K,  72% used [0x67ae0000, 0x67f08678, 0x680a0000)
  to   space 5888K,   0% used [0x67520000, 0x67520000, 0x67ae0000)
 tenured generation   total 118404K, used 65644K [0x746c0000, 0x7ba61000, 0x946c0000)
   the space 118404K,  55% used [0x746c0000, 0x786db0d8, 0x786db200, 0x7ba61000)
 compacting perm gen  total 48896K, used 48885K [0x946c0000, 0x97680000, 0xb46c0000)
   the space 48896K,  99% used [0x946c0000, 0x9767d500, 0x9767d600, 0x97680000)
No shared spaces configured.
}

