# JRE version: OpenJDK Runtime Environment (7.0_55-b14) (build 1.7.0_55-b14)
# Java VM: OpenJDK Client VM (24.51-b03 mixed mode linux-x86 )
Heap
 def new generation   total 49664K, used 41915K [0x64710000, 0x67cf0000, 0x74710000)
  eden space 44160K,  83% used [0x64710000, 0x66b31820, 0x67230000)
  from space 5504K,  89% used [0x67230000, 0x676fd3e0, 0x67790000)
  to   space 5504K,   0% used [0x67790000, 0x67790000, 0x67cf0000)
 tenured generation   total 110204K, used 62769K [0x74710000, 0x7b2af000, 0x94710000)
   the space 110204K,  56% used [0x74710000, 0x7845c420, 0x7845c600, 0x7b2af000)
 compacting perm gen  total 51200K, used 51169K [0x94710000, 0x97910000, 0xb4710000)
   the space 51200K,  99% used [0x94710000, 0x97908530, 0x97908600, 0x97910000)
GC Heap History (10 events):
Event: 508.220 GC heap before
{Heap before GC invocations=53 (full 17):
 def new generation   total 49664K, used 5280K [0x64710000, 0x67cf0000, 0x74710000)
  eden space 44160K,  11% used [0x64710000, 0x64c38150, 0x67230000)
  from space 5504K,   0% used [0x67790000, 0x67790000, 0x67cf0000)
  to   space 5504K,   0% used [0x67230000, 0x67230000, 0x67790000)
 tenured generation   total 110204K, used 54178K [0x74710000, 0x7b2af000, 0x94710000)
   the space 110204K,  49% used [0x74710000, 0x77bf8b18, 0x77bf8c00, 0x7b2af000)
 compacting perm gen  total 49920K, used 49905K [0x94710000, 0x977d0000, 0xb4710000)
   the space 49920K,  99% used [0x94710000, 0x977cc768, 0x977cc800, 0x977d0000)
No shared spaces configured.
Event: 508.854 GC heap after
Heap after GC invocations=54 (full 18):
 def new generation   total 49664K, used 0K [0x64710000, 0x67cf0000, 0x74710000)
  eden space 44160K,   0% used [0x64710000, 0x64710000, 0x67230000)
  from space 5504K,   0% used [0x67790000, 0x67790000, 0x67cf0000)
  to   space 5504K,   0% used [0x67230000, 0x67230000, 0x67790000)
 tenured generation   total 110204K, used 54947K [0x74710000, 0x7b2af000, 0x94710000)
   the space 110204K,  49% used [0x74710000, 0x77cb8f60, 0x77cb9000, 0x7b2af000)
 compacting perm gen  total 49920K, used 49905K [0x94710000, 0x977d0000, 0xb4710000)
   the space 49920K,  99% used [0x94710000, 0x977cc768, 0x977cc800, 0x977d0000)
No shared spaces configured.
}
Event: 568.219 GC heap before
{Heap before GC invocations=54 (full 18):
 def new generation   total 49664K, used 3407K [0x64710000, 0x67cf0000, 0x74710000)
  eden space 44160K,   7% used [0x64710000, 0x64a63e68, 0x67230000)
  from space 5504K,   0% used [0x67790000, 0x67790000, 0x67cf0000)
  to   space 5504K,   0% used [0x67230000, 0x67230000, 0x67790000)
 tenured generation   total 110204K, used 54947K [0x74710000, 0x7b2af000, 0x94710000)
   the space 110204K,  49% used [0x74710000, 0x77cb8f60, 0x77cb9000, 0x7b2af000)
 compacting perm gen  total 50176K, used 49939K [0x94710000, 0x97810000, 0xb4710000)
   the space 50176K,  99% used [0x94710000, 0x977d4c10, 0x977d4e00, 0x97810000)
No shared spaces configured.
Event: 568.817 GC heap after
Heap after GC invocations=55 (full 19):
 def new generation   total 49664K, used 0K [0x64710000, 0x67cf0000, 0x74710000)
  eden space 44160K,   0% used [0x64710000, 0x64710000, 0x67230000)
  from space 5504K,   0% used [0x67790000, 0x67790000, 0x67cf0000)
  to   space 5504K,   0% used [0x67230000, 0x67230000, 0x67790000)
 tenured generation   total 110204K, used 54971K [0x74710000, 0x7b2af000, 0x94710000)
   the space 110204K,  49% used [0x74710000, 0x77cbed38, 0x77cbee00, 0x7b2af000)
 compacting perm gen  total 50176K, used 49939K [0x94710000, 0x97810000, 0xb4710000)
   the space 50176K,  99% used [0x94710000, 0x977d4c10, 0x977d4e00, 0x97810000)
No shared spaces configured.
}
Event: 602.312 GC heap before
{Heap before GC invocations=55 (full 19):
 def new generation   total 49664K, used 44160K [0x64710000, 0x67cf0000, 0x74710000)
  eden space 44160K, 100% used [0x64710000, 0x67230000, 0x67230000)
  from space 5504K,   0% used [0x67790000, 0x67790000, 0x67cf0000)
  to   space 5504K,   0% used [0x67230000, 0x67230000, 0x67790000)
 tenured generation   total 110204K, used 54971K [0x74710000, 0x7b2af000, 0x94710000)
   the space 110204K,  49% used [0x74710000, 0x77cbed38, 0x77cbee00, 0x7b2af000)
 compacting perm gen  total 50176K, used 50025K [0x94710000, 0x97810000, 0xb4710000)
   the space 50176K,  99% used [0x94710000, 0x977ea6a0, 0x977ea800, 0x97810000)
No shared spaces configured.
Event: 602.360 GC heap after
Heap after GC invocations=56 (full 19):
 def new generation   total 49664K, used 5504K [0x64710000, 0x67cf0000, 0x74710000)
  eden space 44160K,   0% used [0x64710000, 0x64710000, 0x67230000)
  from space 5504K, 100% used [0x67230000, 0x67790000, 0x67790000)
  to   space 5504K,   0% used [0x67790000, 0x67790000, 0x67cf0000)
 tenured generation   total 110204K, used 57195K [0x74710000, 0x7b2af000, 0x94710000)
   the space 110204K,  51% used [0x74710000, 0x77eeac08, 0x77eeae00, 0x7b2af000)
 compacting perm gen  total 50176K, used 50025K [0x94710000, 0x97810000, 0xb4710000)
   the space 50176K,  99% used [0x94710000, 0x977ea6a0, 0x977ea800, 0x97810000)
No shared spaces configured.
}
Event: 604.548 GC heap before
{Heap before GC invocations=56 (full 19):
 def new generation   total 49664K, used 49664K [0x64710000, 0x67cf0000, 0x74710000)
  eden space 44160K, 100% used [0x64710000, 0x67230000, 0x67230000)
  from space 5504K, 100% used [0x67230000, 0x67790000, 0x67790000)
  to   space 5504K,   0% used [0x67790000, 0x67790000, 0x67cf0000)
 tenured generation   total 110204K, used 57195K [0x74710000, 0x7b2af000, 0x94710000)
   the space 110204K,  51% used [0x74710000, 0x77eeac08, 0x77eeae00, 0x7b2af000)
 compacting perm gen  total 50176K, used 50104K [0x94710000, 0x97810000, 0xb4710000)
   the space 50176K,  99% used [0x94710000, 0x977fe3d8, 0x977fe400, 0x97810000)
No shared spaces configured.
Event: 604.631 GC heap after
Heap after GC invocations=57 (full 19):
 def new generation   total 49664K, used 3190K [0x64710000, 0x67cf0000, 0x74710000)
  eden space 44160K,   0% used [0x64710000, 0x64710000, 0x67230000)
  from space 5504K,  57% used [0x67790000, 0x67aad8e0, 0x67cf0000)
  to   space 5504K,   0% used [0x67230000, 0x67230000, 0x67790000)
 tenured generation   total 110204K, used 61346K [0x74710000, 0x7b2af000, 0x94710000)
   the space 110204K,  55% used [0x74710000, 0x782f8948, 0x782f8a00, 0x7b2af000)
 compacting perm gen  total 50176K, used 50104K [0x94710000, 0x97810000, 0xb4710000)
   the space 50176K,  99% used [0x94710000, 0x977fe3d8, 0x977fe400, 0x97810000)
No shared spaces configured.
}
Event: 608.468 GC heap before
{Heap before GC invocations=57 (full 19):
 def new generation   total 49664K, used 47350K [0x64710000, 0x67cf0000, 0x74710000)
  eden space 44160K, 100% used [0x64710000, 0x67230000, 0x67230000)
  from space 5504K,  57% used [0x67790000, 0x67aad8e0, 0x67cf0000)
  to   space 5504K,   0% used [0x67230000, 0x67230000, 0x67790000)
 tenured generation   total 110204K, used 61346K [0x74710000, 0x7b2af000, 0x94710000)
   the space 110204K,  55% used [0x74710000, 0x782f8948, 0x782f8a00, 0x7b2af000)
 compacting perm gen  total 51200K, used 51163K [0x94710000, 0x97910000, 0xb4710000)
   the space 51200K,  99% used [0x94710000, 0x97906c00, 0x97906c00, 0x97910000)
No shared spaces configured.
Event: 608.532 GC heap after
Heap after GC invocations=58 (full 19):
 def new generation   total 49664K, used 4916K [0x64710000, 0x67cf0000, 0x74710000)
  eden space 44160K,   0% used [0x64710000, 0x64710000, 0x67230000)
  from space 5504K,  89% used [0x67230000, 0x676fd3e0, 0x67790000)
  to   space 5504K,   0% used [0x67790000, 0x67790000, 0x67cf0000)
 tenured generation   total 110204K, used 62769K [0x74710000, 0x7b2af000, 0x94710000)
   the space 110204K,  56% used [0x74710000, 0x7845c420, 0x7845c600, 0x7b2af000)
 compacting perm gen  total 51200K, used 51163K [0x94710000, 0x97910000, 0xb4710000)
   the space 51200K,  99% used [0x94710000, 0x97906c00, 0x97906c00, 0x97910000)
No shared spaces configured.
}

